0 info it worked if it ends with ok
1 verbose cli [ '/Users/alexanderray/.nvm/versions/node/v7.7.1/bin/node',
1 verbose cli   '/Users/alexanderray/.nvm/versions/node/v7.7.1/bin/npm',
1 verbose cli   'version',
1 verbose cli   'patch' ]
2 info using npm@4.1.2
3 info using node@v7.7.1
4 info git [ 'status', '--porcelain' ]
5 verbose stack Error: Git working directory not clean.
5 verbose stack A  .babelrc
5 verbose stack A  .gitignore
5 verbose stack A  .npmignore
5 verbose stack A  package.json
5 verbose stack A  src/Flag.jsx
5 verbose stack AM src/features.js
5 verbose stack A  src/index.js
5 verbose stack A  yarn.lock
5 verbose stack     at /Users/alexanderray/.nvm/versions/node/v7.7.1/lib/node_modules/npm/lib/version.js:247:19
5 verbose stack     at /Users/alexanderray/.nvm/versions/node/v7.7.1/lib/node_modules/npm/lib/utils/no-progress-while-running.js:21:8
5 verbose stack     at ChildProcess.exithandler (child_process.js:201:7)
5 verbose stack     at emitTwo (events.js:106:13)
5 verbose stack     at ChildProcess.emit (events.js:194:7)
5 verbose stack     at maybeClose (internal/child_process.js:899:16)
5 verbose stack     at Socket.<anonymous> (internal/child_process.js:342:11)
5 verbose stack     at emitOne (events.js:96:13)
5 verbose stack     at Socket.emit (events.js:191:7)
5 verbose stack     at Pipe._handle.close [as _onclose] (net.js:504:12)
6 verbose cwd /Users/alexanderray/Code/feat-flip
7 error Darwin 16.5.0
8 error argv "/Users/alexanderray/.nvm/versions/node/v7.7.1/bin/node" "/Users/alexanderray/.nvm/versions/node/v7.7.1/bin/npm" "version" "patch"
9 error node v7.7.1
10 error npm  v4.1.2
11 error Git working directory not clean.
11 error A  .babelrc
11 error A  .gitignore
11 error A  .npmignore
11 error A  package.json
11 error A  src/Flag.jsx
11 error AM src/features.js
11 error A  src/index.js
11 error A  yarn.lock
12 error If you need help, you may report this error at:
12 error     <https://github.com/npm/npm/issues>
13 verbose exit [ 1, true ]
